<?xml version="1.0" encoding="UTF-8"?>
<!-- Generated by org.testng.reporters.JUnitReportReporter -->
<testsuite hostname="DESKTOP-KQKHIC5" failures="0" tests="1" name="TestNg.OneTCExample" time="0.038" errors="0" timestamp="24 Jul 2024 11:23:11 GMT" skipped="0">
  <testcase classname="TestNg.OneTCExample" name="TC_01" time="0.038"/>
</testsuite> <!-- TestNg.OneTCExample -->
