<?xml version="1.0" encoding="UTF-8"?>
<!-- Generated by org.testng.reporters.JUnitReportReporter -->
<testsuite hostname="DESKTOP-KQKHIC5" failures="0" tests="3" name="TestNg.MultipleTCExample" time="0.025" errors="0" timestamp="24 Jul 2024 10:24:16 GMT" skipped="0">
  <testcase classname="TestNg.MultipleTCExample" name="TC_03" time="0.009"/>
  <testcase classname="TestNg.MultipleTCExample" name="TC_04" time="0.010"/>
  <testcase classname="TestNg.MultipleTCExample" name="TC_02" time="0.006"/>
</testsuite> <!-- TestNg.MultipleTCExample -->
